<?xml version="1.0" encoding="UTF-8"?>
<testng-results ignored="0" total="1" passed="1" failed="0" skipped="0">
  <reporter-output>
    <line>
      <![CDATA[Browser window is maximized successfully]]>
    </line>
  </reporter-output>
  <suite started-at="2022-11-30T14:37:14 IST" name="Default suite" finished-at="2022-11-30T14:38:00 IST" duration-ms="46625">
    <groups>
    </groups>
    <test started-at="2022-11-30T14:37:14 IST" name="Default test" finished-at="2022-11-30T14:38:00 IST" duration-ms="46625">
      <class name="test_Scripts.Medicine_TC_01">
        <test-method is-config="true" signature="beforeSuit()[pri:0, instance:test_Scripts.Medicine_TC_01@2ed2d9cb]" started-at="2022-11-30T14:37:14 IST" name="beforeSuit" finished-at="2022-11-30T14:37:14 IST" duration-ms="272" status="PASS">
          <reporter-output>
          </reporter-output>
        </test-method> <!-- beforeSuit -->
        <test-method is-config="true" signature="browserSetup()[pri:0, instance:test_Scripts.Medicine_TC_01@2ed2d9cb]" started-at="2022-11-30T14:37:14 IST" name="browserSetup" finished-at="2022-11-30T14:37:19 IST" duration-ms="4731" status="PASS">
          <reporter-output>
            <line>
              <![CDATA[Browser window is maximized successfully]]>
            </line>
          </reporter-output>
        </test-method> <!-- browserSetup -->
        <test-method signature="PharmEasy([Ljava.lang.String;)[pri:0, instance:test_Scripts.Medicine_TC_01@2ed2d9cb]" started-at="2022-11-30T14:37:20 IST" name="PharmEasy" data-provider="testData" finished-at="2022-11-30T14:38:00 IST" duration-ms="40037" status="PASS">
          <params>
            <param index="0">
              <value>
                <![CDATA[[Ljava.lang.String;@435cc7f9]]>
              </value>
            </param>
          </params>
          <reporter-output>
          </reporter-output>
        </test-method> <!-- PharmEasy -->
        <test-method is-config="true" signature="CloseApp()[pri:0, instance:test_Scripts.Medicine_TC_01@2ed2d9cb]" started-at="2022-11-30T14:38:00 IST" name="CloseApp" finished-at="2022-11-30T14:38:00 IST" duration-ms="374" status="PASS">
          <reporter-output>
          </reporter-output>
        </test-method> <!-- CloseApp -->
        <test-method is-config="true" signature="afterSuite()[pri:0, instance:test_Scripts.Medicine_TC_01@2ed2d9cb]" started-at="2022-11-30T14:38:00 IST" name="afterSuite" finished-at="2022-11-30T14:38:01 IST" duration-ms="372" status="PASS">
          <reporter-output>
          </reporter-output>
        </test-method> <!-- afterSuite -->
      </class> <!-- test_Scripts.Medicine_TC_01 -->
    </test> <!-- Default test -->
  </suite> <!-- Default suite -->
</testng-results>
